<?xml version="1.0" encoding="UTF-8"?>
<!-- Generated by org.testng.reporters.JUnitXMLReporter -->
<testsuite hostname="JAYA-PC" ignored="1" name="Default test" tests="11" failures="0" timestamp="22 Dec 2018 14:59:29 GMT" time="0.084" errors="0">
  <testcase name="testCase1" time="0.015" classname="day7.BasicTestNG"/>
  <testcase name="testCase10" time="0.002" classname="day7.BasicTestNG"/>
  <testcase name="testCase2" time="0.001" classname="day7.BasicTestNG"/>
  <testcase name="testCase3" time="0.001" classname="day7.BasicTestNG"/>
  <testcase name="testCase4" time="0.002" classname="day7.BasicTestNG"/>
  <testcase name="testCase11" time="0.001" classname="day7.BasicTestNG"/>
  <testcase name="testCase44" time="0.001" classname="day7.BasicTestNG"/>
  <testcase name="testCase22" time="0.001" classname="day7.BasicTestNG"/>
  <testcase name="testCase33" time="0.002" classname="day7.BasicTestNG"/>
  <testcase name="testCase40" time="0.002" classname="day7.BasicTestNG"/>
  <testcase name="testCase30" time="0.002" classname="day7.BasicTestNG"/>
  <testcase name="testCase20" time="0.0" classname="day7.BasicTestNG">
    <ignored/>
  </testcase> <!-- testCase20 -->
</testsuite> <!-- Default test -->
